<?xml version="1.0" encoding="UTF-8"?>
<!-- Generated by org.testng.reporters.JUnitReportReporter -->
<testsuite hostname="Saro" failures="0" tests="9" name="TestNg.Priority_Invocation_Enabled" time="0.154" errors="0" timestamp="2023-09-21T08:08:12 IST" skipped="1">
  <testcase classname="TestNg.Priority_Invocation_Enabled" name="demo1" time="0.006"/>
  <testcase classname="TestNg.Priority_Invocation_Enabled" name="demo1" time="0.006"/>
  <testcase classname="TestNg.Priority_Invocation_Enabled" name="demo1" time="0.031"/>
  <testcase classname="TestNg.Priority_Invocation_Enabled" name="demo3" time="0.029"/>
  <testcase classname="TestNg.Priority_Invocation_Enabled" name="demo3" time="0.053"/>
  <testcase classname="TestNg.Priority_Invocation_Enabled" name="demo3" time="0.003"/>
  <testcase classname="TestNg.Priority_Invocation_Enabled" name="demo3" time="0.014"/>
  <testcase classname="TestNg.Priority_Invocation_Enabled" name="demo3" time="0.012"/>
  <testcase classname="TestNg.Priority_Invocation_Enabled" name="demo2">
    <skipped/>
  </testcase> <!-- demo2 -->
</testsuite> <!-- TestNg.Priority_Invocation_Enabled -->
