<?xml version="1.0" encoding="UTF-8"?>
<!-- Generated by org.testng.reporters.JUnitReportReporter -->
<testsuite hostname="Saro" failures="0" tests="1" name="TestNg_Sequential.Facebook" time="68.313" errors="0" timestamp="2023-09-22T07:48:32 IST" skipped="0">
  <testcase classname="TestNg_Sequential.Facebook" name="fb" time="68.313"/>
</testsuite> <!-- TestNg_Sequential.Facebook -->
