<?xml version="1.0" encoding="UTF-8"?>
<!-- Generated by org.testng.reporters.JUnitReportReporter -->
<testsuite hostname="Saro" failures="0" tests="1" name="TestNG_Group.Sample1" time="0.009" errors="0" timestamp="2023-09-22T08:59:22 IST" skipped="0">
  <testcase classname="TestNG_Group.Sample1" name="sam2" time="0.009"/>
</testsuite> <!-- TestNG_Group.Sample1 -->
