<?xml version="1.0" encoding="UTF-8"?>
<!-- Generated by org.testng.reporters.JUnitReportReporter -->
<testsuite hostname="Saro" failures="0" tests="3" name="TestNg.DataProviders" time="96.046" errors="0" timestamp="2023-09-23T08:57:58 IST" skipped="0">
  <testcase classname="TestNg.DataProviders" name="demo" time="13.320"/>
  <testcase classname="TestNg.DataProviders" name="demo" time="14.720"/>
  <testcase classname="TestNg.DataProviders" name="demo" time="68.006"/>
</testsuite> <!-- TestNg.DataProviders -->
