<?xml version="1.0" encoding="UTF-8"?>
<!-- Generated by org.testng.reporters.JUnitReportReporter -->
<testsuite hostname="Saro" failures="0" tests="1" name="TestNG_Group.Sample2" time="0.079" errors="0" timestamp="2023-09-22T08:59:23 IST" skipped="0">
  <testcase classname="TestNG_Group.Sample2" name="sam2_1" time="0.079"/>
</testsuite> <!-- TestNG_Group.Sample2 -->
